<?xml version="1.0" encoding="UTF-8"?>
<!-- Generated by org.testng.reporters.JUnitXMLReporter -->
<testsuite ignored="0" hostname="DESKTOP-FKNOICC" failures="0" tests="3" name="Default test" time="38.53" errors="0" timestamp="2025-01-30T23:19:13 EET">
  <testcase classname="demoblazeExecute.signupExecute" name="validRegistration" time="6.239"/>
  <testcase classname="demoblazeExecute.signupExecute" name="invalidRegistrationUsernameMissing" time="4.914"/>
  <testcase classname="demoblazeExecute.signupExecute" name="invalidRegistrationPasswordMissing" time="5.044"/>
</testsuite> <!-- Default test -->
